mode: set
employeeleave/delivery/controller/employe_controller.go:16.60,18.48 2 1
employeeleave/delivery/controller/employe_controller.go:18.48,21.3 2 1
employeeleave/delivery/controller/employe_controller.go:22.2,23.55 2 1
employeeleave/delivery/controller/employe_controller.go:23.55,26.3 2 1
employeeleave/delivery/controller/employe_controller.go:27.2,27.19 1 1
employeeleave/delivery/controller/employe_controller.go:30.58,32.16 2 1
employeeleave/delivery/controller/employe_controller.go:32.16,35.3 2 1
employeeleave/delivery/controller/employe_controller.go:36.2,43.4 2 1
employeeleave/delivery/controller/employe_controller.go:46.57,49.16 3 1
employeeleave/delivery/controller/employe_controller.go:49.16,52.3 2 1
employeeleave/delivery/controller/employe_controller.go:53.2,60.4 2 1
employeeleave/delivery/controller/employe_controller.go:63.60,65.51 2 1
employeeleave/delivery/controller/employe_controller.go:65.51,68.3 2 1
employeeleave/delivery/controller/employe_controller.go:69.2,69.53 1 1
employeeleave/delivery/controller/employe_controller.go:69.53,72.3 2 1
employeeleave/delivery/controller/employe_controller.go:73.2,73.22 1 1
employeeleave/delivery/controller/employe_controller.go:76.92,88.2 7 1
employeeleave/delivery/controller/transaction_controller.go:20.69,22.47 2 0
employeeleave/delivery/controller/transaction_controller.go:22.47,25.3 2 0
employeeleave/delivery/controller/transaction_controller.go:27.2,28.48 2 0
employeeleave/delivery/controller/transaction_controller.go:28.48,31.3 2 0
employeeleave/delivery/controller/transaction_controller.go:33.2,44.37 2 0
employeeleave/delivery/controller/transaction_controller.go:47.75,50.60 2 0
employeeleave/delivery/controller/transaction_controller.go:50.60,53.3 2 0
employeeleave/delivery/controller/transaction_controller.go:55.2,55.71 1 0
employeeleave/delivery/controller/transaction_controller.go:55.71,58.3 2 0
employeeleave/delivery/controller/transaction_controller.go:60.2,60.31 1 0
employeeleave/delivery/controller/transaction_controller.go:63.66,71.16 5 0
employeeleave/delivery/controller/transaction_controller.go:71.16,74.3 2 0
employeeleave/delivery/controller/transaction_controller.go:75.2,83.4 2 0
employeeleave/delivery/controller/transaction_controller.go:86.69,89.16 3 0
employeeleave/delivery/controller/transaction_controller.go:89.16,92.3 2 0
employeeleave/delivery/controller/transaction_controller.go:93.2,100.4 2 0
employeeleave/delivery/controller/transaction_controller.go:103.77,106.16 3 0
employeeleave/delivery/controller/transaction_controller.go:106.16,109.3 2 0
employeeleave/delivery/controller/transaction_controller.go:110.2,117.4 2 0
employeeleave/delivery/controller/transaction_controller.go:120.115,134.2 8 0
