mode: set
employeeleave/usecase/employee_usecase.go:25.73,27.24 1 1
employeeleave/usecase/employee_usecase.go:27.24,29.3 1 1
employeeleave/usecase/employee_usecase.go:32.2,33.38 2 1
employeeleave/usecase/employee_usecase.go:33.38,35.3 1 1
employeeleave/usecase/employee_usecase.go:37.2,38.16 2 1
employeeleave/usecase/employee_usecase.go:38.16,40.3 1 1
employeeleave/usecase/employee_usecase.go:41.2,41.12 1 1
employeeleave/usecase/employee_usecase.go:44.67,46.2 1 1
employeeleave/usecase/employee_usecase.go:48.75,50.2 1 1
employeeleave/usecase/employee_usecase.go:52.68,54.16 2 1
employeeleave/usecase/employee_usecase.go:54.16,56.3 1 1
employeeleave/usecase/employee_usecase.go:57.2,57.12 1 1
employeeleave/usecase/employee_usecase.go:60.78,62.2 1 1
employeeleave/usecase/employee_usecase.go:64.81,66.2 1 1
employeeleave/usecase/employee_usecase.go:68.83,70.2 1 1
employeeleave/usecase/employee_usecase.go:72.84,74.2 1 1
employeeleave/usecase/employee_usecase.go:76.84,78.2 1 1
employeeleave/usecase/employee_usecase.go:80.73,82.2 1 1
employeeleave/usecase/history_usecase.go:19.118,21.2 1 0
employeeleave/usecase/history_usecase.go:23.81,25.2 1 0
employeeleave/usecase/history_usecase.go:27.79,29.2 1 0
employeeleave/usecase/history_usecase.go:31.74,33.2 1 0
employeeleave/usecase/leave_type_usecase.go:22.81,23.33 1 0
employeeleave/usecase/leave_type_usecase.go:23.33,25.3 1 0
employeeleave/usecase/leave_type_usecase.go:26.2,27.61 2 0
employeeleave/usecase/leave_type_usecase.go:27.61,29.3 1 0
employeeleave/usecase/leave_type_usecase.go:30.2,31.16 2 0
employeeleave/usecase/leave_type_usecase.go:31.16,33.3 1 0
employeeleave/usecase/leave_type_usecase.go:34.2,34.12 1 0
employeeleave/usecase/leave_type_usecase.go:37.75,39.2 1 0
employeeleave/usecase/leave_type_usecase.go:41.83,43.2 1 0
employeeleave/usecase/leave_type_usecase.go:45.76,48.2 2 0
employeeleave/usecase/leave_type_usecase.go:50.62,52.2 1 0
employeeleave/usecase/leave_type_usecase.go:54.76,56.2 1 0
employeeleave/usecase/leave_type_usecase.go:58.80,60.2 1 0
employeeleave/usecase/status_leave_usecae.go:22.86,23.35 1 0
employeeleave/usecase/status_leave_usecae.go:23.35,25.3 1 0
employeeleave/usecase/status_leave_usecae.go:27.2,28.62 2 0
employeeleave/usecase/status_leave_usecae.go:28.62,30.3 1 0
employeeleave/usecase/status_leave_usecae.go:32.2,33.16 2 0
employeeleave/usecase/status_leave_usecae.go:33.16,35.3 1 0
employeeleave/usecase/status_leave_usecae.go:36.2,36.12 1 0
employeeleave/usecase/status_leave_usecae.go:39.98,41.2 1 0
employeeleave/usecase/status_leave_usecae.go:43.80,45.2 1 0
employeeleave/usecase/status_leave_usecae.go:47.88,49.2 1 0
employeeleave/usecase/status_leave_usecae.go:51.81,52.35 1 0
employeeleave/usecase/status_leave_usecae.go:52.35,54.3 1 0
employeeleave/usecase/status_leave_usecae.go:56.2,57.96 2 0
employeeleave/usecase/status_leave_usecae.go:57.96,59.3 1 0
employeeleave/usecase/status_leave_usecae.go:61.2,62.16 2 0
employeeleave/usecase/status_leave_usecae.go:62.16,64.3 1 0
employeeleave/usecase/status_leave_usecae.go:65.2,65.12 1 0
employeeleave/usecase/status_leave_usecae.go:68.65,70.16 2 0
employeeleave/usecase/status_leave_usecae.go:70.16,72.3 1 0
employeeleave/usecase/status_leave_usecae.go:74.2,75.16 2 0
employeeleave/usecase/status_leave_usecae.go:75.16,77.3 1 0
employeeleave/usecase/status_leave_usecae.go:78.2,78.12 1 0
employeeleave/usecase/status_leave_usecae.go:81.86,85.2 1 0
employeeleave/usecase/transaction_usecase.go:29.81,32.16 2 0
employeeleave/usecase/transaction_usecase.go:32.16,34.3 1 0
employeeleave/usecase/transaction_usecase.go:36.2,37.16 2 0
employeeleave/usecase/transaction_usecase.go:37.16,39.3 1 0
employeeleave/usecase/transaction_usecase.go:41.2,42.16 2 0
employeeleave/usecase/transaction_usecase.go:42.16,44.3 1 0
employeeleave/usecase/transaction_usecase.go:46.2,58.16 11 0
employeeleave/usecase/transaction_usecase.go:58.16,60.3 1 0
employeeleave/usecase/transaction_usecase.go:62.2,62.12 1 0
employeeleave/usecase/transaction_usecase.go:66.131,68.2 1 0
employeeleave/usecase/transaction_usecase.go:70.87,72.2 1 0
employeeleave/usecase/transaction_usecase.go:74.93,76.2 1 0
employeeleave/usecase/transaction_usecase.go:78.91,82.16 2 0
employeeleave/usecase/transaction_usecase.go:82.16,84.3 1 0
employeeleave/usecase/transaction_usecase.go:85.2,86.16 2 0
employeeleave/usecase/transaction_usecase.go:86.16,88.3 1 0
employeeleave/usecase/transaction_usecase.go:89.2,96.35 5 0
employeeleave/usecase/transaction_usecase.go:96.35,98.17 2 0
employeeleave/usecase/transaction_usecase.go:98.17,100.4 1 0
employeeleave/usecase/transaction_usecase.go:101.3,104.17 3 0
employeeleave/usecase/transaction_usecase.go:104.17,106.4 1 0
employeeleave/usecase/transaction_usecase.go:107.3,107.53 1 0
employeeleave/usecase/transaction_usecase.go:107.53,110.40 1 0
employeeleave/usecase/transaction_usecase.go:110.40,112.19 2 0
employeeleave/usecase/transaction_usecase.go:112.19,114.6 1 0
employeeleave/usecase/transaction_usecase.go:115.5,115.55 1 0
employeeleave/usecase/transaction_usecase.go:117.10,123.5 3 0
employeeleave/usecase/transaction_usecase.go:126.3,126.56 1 0
employeeleave/usecase/transaction_usecase.go:126.56,129.43 1 0
employeeleave/usecase/transaction_usecase.go:129.43,131.19 2 0
employeeleave/usecase/transaction_usecase.go:131.19,133.6 1 0
employeeleave/usecase/transaction_usecase.go:134.5,134.55 1 0
employeeleave/usecase/transaction_usecase.go:136.10,142.5 3 0
employeeleave/usecase/transaction_usecase.go:144.3,144.55 1 0
employeeleave/usecase/transaction_usecase.go:144.55,147.42 1 0
employeeleave/usecase/transaction_usecase.go:147.42,149.19 2 0
employeeleave/usecase/transaction_usecase.go:149.19,151.6 1 0
employeeleave/usecase/transaction_usecase.go:152.5,152.55 1 0
employeeleave/usecase/transaction_usecase.go:154.10,160.5 3 0
employeeleave/usecase/transaction_usecase.go:162.3,162.56 1 0
employeeleave/usecase/transaction_usecase.go:162.56,165.43 1 0
employeeleave/usecase/transaction_usecase.go:165.43,167.19 2 0
employeeleave/usecase/transaction_usecase.go:167.19,169.6 1 0
employeeleave/usecase/transaction_usecase.go:170.5,170.55 1 0
employeeleave/usecase/transaction_usecase.go:172.10,178.5 3 0
employeeleave/usecase/transaction_usecase.go:181.3,181.56 1 0
employeeleave/usecase/transaction_usecase.go:181.56,184.43 1 0
employeeleave/usecase/transaction_usecase.go:184.43,186.19 2 0
employeeleave/usecase/transaction_usecase.go:186.19,188.6 1 0
employeeleave/usecase/transaction_usecase.go:189.5,189.55 1 0
employeeleave/usecase/transaction_usecase.go:191.10,197.5 3 0
employeeleave/usecase/transaction_usecase.go:199.8,201.3 1 0
employeeleave/usecase/transaction_usecase.go:203.2,203.12 1 0
employeeleave/usecase/transaction_usecase.go:206.199,213.2 1 0
