mode: set
employeeleave/repository/user_repository.go:26.69,28.2 1 1
employeeleave/repository/user_repository.go:31.71,35.2 3 1
employeeleave/repository/user_repository.go:38.69,41.2 2 1
employeeleave/repository/user_repository.go:44.87,48.2 3 1
employeeleave/repository/user_repository.go:51.105,53.16 2 1
employeeleave/repository/user_repository.go:57.2,58.16 2 1
employeeleave/repository/user_repository.go:61.2,61.18 1 1
employeeleave/repository/user_repository.go:53.16,55.3 1 0
employeeleave/repository/user_repository.go:58.16,60.3 1 0
employeeleave/repository/user_repository.go:65.112,71.25 5 1
employeeleave/repository/user_repository.go:75.2,77.25 3 0
employeeleave/repository/user_repository.go:81.2,81.86 1 0
employeeleave/repository/user_repository.go:71.25,73.3 1 1
employeeleave/repository/user_repository.go:77.25,79.3 1 0
employeeleave/repository/user_repository.go:84.52,86.2 1 1
